[debug] [2024-10-11T14:48:37.402Z] ----------------------------------------------------------------------
[debug] [2024-10-11T14:48:37.404Z] Command:       C:\Program Files\nodejs\node.exe C:\Users\17715\AppData\Roaming\npm\node_modules\firebase-tools\lib\bin\firebase.js deploy --only functions
[debug] [2024-10-11T14:48:37.404Z] CLI Version:   13.22.0
[debug] [2024-10-11T14:48:37.405Z] Platform:      win32
[debug] [2024-10-11T14:48:37.405Z] Node Version:  v20.17.0
[debug] [2024-10-11T14:48:37.405Z] Time:          Fri Oct 11 2024 10:48:37 GMT-0400 (Eastern Daylight Time)
[debug] [2024-10-11T14:48:37.405Z] ----------------------------------------------------------------------
[debug] 
[debug] [2024-10-11T14:48:37.448Z] > command requires scopes: ["email","openid","https://www.googleapis.com/auth/cloudplatformprojects.readonly","https://www.googleapis.com/auth/firebase","https://www.googleapis.com/auth/cloud-platform"]
[debug] [2024-10-11T14:48:37.448Z] > authorizing via signed-in user (daiyichen0724@gmail.com)
[debug] [2024-10-11T14:48:37.448Z] [iam] checking project judge-everything for permissions ["cloudfunctions.functions.create","cloudfunctions.functions.delete","cloudfunctions.functions.get","cloudfunctions.functions.list","cloudfunctions.functions.update","cloudfunctions.operations.get","firebase.projects.get"]
[debug] [2024-10-11T14:48:37.449Z] Checked if tokens are valid: true, expires at: 1728659765598
[debug] [2024-10-11T14:48:37.449Z] Checked if tokens are valid: true, expires at: 1728659765598
[debug] [2024-10-11T14:48:37.450Z] >>> [apiv2][query] POST https://cloudresourcemanager.googleapis.com/v1/projects/judge-everything:testIamPermissions [none]
[debug] [2024-10-11T14:48:37.450Z] >>> [apiv2][(partial)header] POST https://cloudresourcemanager.googleapis.com/v1/projects/judge-everything:testIamPermissions x-goog-quota-user=projects/judge-everything
[debug] [2024-10-11T14:48:37.450Z] >>> [apiv2][body] POST https://cloudresourcemanager.googleapis.com/v1/projects/judge-everything:testIamPermissions {"permissions":["cloudfunctions.functions.create","cloudfunctions.functions.delete","cloudfunctions.functions.get","cloudfunctions.functions.list","cloudfunctions.functions.update","cloudfunctions.operations.get","firebase.projects.get"]}
[debug] [2024-10-11T14:48:37.706Z] <<< [apiv2][status] POST https://cloudresourcemanager.googleapis.com/v1/projects/judge-everything:testIamPermissions 200
[debug] [2024-10-11T14:48:37.706Z] <<< [apiv2][body] POST https://cloudresourcemanager.googleapis.com/v1/projects/judge-everything:testIamPermissions {"permissions":["cloudfunctions.functions.create","cloudfunctions.functions.delete","cloudfunctions.functions.get","cloudfunctions.functions.list","cloudfunctions.functions.update","cloudfunctions.operations.get","firebase.projects.get"]}
[debug] [2024-10-11T14:48:37.706Z] Checked if tokens are valid: true, expires at: 1728659765598
[debug] [2024-10-11T14:48:37.706Z] Checked if tokens are valid: true, expires at: 1728659765598
[debug] [2024-10-11T14:48:37.706Z] >>> [apiv2][query] POST https://iam.googleapis.com/v1/projects/judge-everything/serviceAccounts/judge-everything@appspot.gserviceaccount.com:testIamPermissions [none]
[debug] [2024-10-11T14:48:37.706Z] >>> [apiv2][body] POST https://iam.googleapis.com/v1/projects/judge-everything/serviceAccounts/judge-everything@appspot.gserviceaccount.com:testIamPermissions {"permissions":["iam.serviceAccounts.actAs"]}
[debug] [2024-10-11T14:48:37.904Z] <<< [apiv2][status] POST https://iam.googleapis.com/v1/projects/judge-everything/serviceAccounts/judge-everything@appspot.gserviceaccount.com:testIamPermissions 200
[debug] [2024-10-11T14:48:37.904Z] <<< [apiv2][body] POST https://iam.googleapis.com/v1/projects/judge-everything/serviceAccounts/judge-everything@appspot.gserviceaccount.com:testIamPermissions {"permissions":["iam.serviceAccounts.actAs"]}
[info] 
[info] === Deploying to 'judge-everything'...
[info] 
[info] i  deploying functions 
[debug] [2024-10-11T14:48:37.906Z] Checked if tokens are valid: true, expires at: 1728659765598
[debug] [2024-10-11T14:48:37.906Z] Checked if tokens are valid: true, expires at: 1728659765598
[debug] [2024-10-11T14:48:37.906Z] >>> [apiv2][query] GET https://firebase.googleapis.com/v1beta1/projects/judge-everything [none]
[debug] [2024-10-11T14:48:38.128Z] <<< [apiv2][status] GET https://firebase.googleapis.com/v1beta1/projects/judge-everything 200
[debug] [2024-10-11T14:48:38.128Z] <<< [apiv2][body] GET https://firebase.googleapis.com/v1beta1/projects/judge-everything {"projectId":"judge-everything","projectNumber":"420905221956","displayName":"Judge Everything","name":"projects/judge-everything","resources":{"hostingSite":"judge-everything"},"state":"ACTIVE","etag":"1_b22c6c8f-d456-4322-8213-d76a0245a697"}
[info] i  functions: preparing codebase default for deployment 
[info] i  functions: ensuring required API cloudfunctions.googleapis.com is enabled... 
[debug] [2024-10-11T14:48:38.130Z] Checked if tokens are valid: true, expires at: 1728659765598
[debug] [2024-10-11T14:48:38.130Z] Checked if tokens are valid: true, expires at: 1728659765598
[debug] [2024-10-11T14:48:38.130Z] Checked if tokens are valid: true, expires at: 1728659765598
[debug] [2024-10-11T14:48:38.130Z] Checked if tokens are valid: true, expires at: 1728659765598
[info] i  functions: ensuring required API cloudbuild.googleapis.com is enabled... 
[debug] [2024-10-11T14:48:38.131Z] Checked if tokens are valid: true, expires at: 1728659765598
[debug] [2024-10-11T14:48:38.131Z] Checked if tokens are valid: true, expires at: 1728659765598
[info] i  artifactregistry: ensuring required API artifactregistry.googleapis.com is enabled... 
[debug] [2024-10-11T14:48:38.131Z] Checked if tokens are valid: true, expires at: 1728659765598
[debug] [2024-10-11T14:48:38.131Z] Checked if tokens are valid: true, expires at: 1728659765598
[debug] [2024-10-11T14:48:38.132Z] >>> [apiv2][query] GET https://serviceusage.googleapis.com/v1/projects/judge-everything/services/cloudfunctions.googleapis.com [none]
[debug] [2024-10-11T14:48:38.132Z] >>> [apiv2][(partial)header] GET https://serviceusage.googleapis.com/v1/projects/judge-everything/services/cloudfunctions.googleapis.com x-goog-quota-user=projects/judge-everything
[debug] [2024-10-11T14:48:38.133Z] >>> [apiv2][query] GET https://serviceusage.googleapis.com/v1/projects/judge-everything/services/runtimeconfig.googleapis.com [none]
[debug] [2024-10-11T14:48:38.133Z] >>> [apiv2][(partial)header] GET https://serviceusage.googleapis.com/v1/projects/judge-everything/services/runtimeconfig.googleapis.com x-goog-quota-user=projects/judge-everything
[debug] [2024-10-11T14:48:38.134Z] >>> [apiv2][query] GET https://serviceusage.googleapis.com/v1/projects/judge-everything/services/cloudbuild.googleapis.com [none]
[debug] [2024-10-11T14:48:38.134Z] >>> [apiv2][(partial)header] GET https://serviceusage.googleapis.com/v1/projects/judge-everything/services/cloudbuild.googleapis.com x-goog-quota-user=projects/judge-everything
[debug] [2024-10-11T14:48:38.134Z] >>> [apiv2][query] GET https://serviceusage.googleapis.com/v1/projects/judge-everything/services/artifactregistry.googleapis.com [none]
[debug] [2024-10-11T14:48:38.135Z] >>> [apiv2][(partial)header] GET https://serviceusage.googleapis.com/v1/projects/judge-everything/services/artifactregistry.googleapis.com x-goog-quota-user=projects/judge-everything
[debug] [2024-10-11T14:48:38.441Z] <<< [apiv2][status] GET https://serviceusage.googleapis.com/v1/projects/judge-everything/services/cloudbuild.googleapis.com 200
[debug] [2024-10-11T14:48:38.441Z] <<< [apiv2][body] GET https://serviceusage.googleapis.com/v1/projects/judge-everything/services/cloudbuild.googleapis.com [omitted]
[info] +  functions: required API cloudbuild.googleapis.com is enabled 
[debug] [2024-10-11T14:48:38.452Z] <<< [apiv2][status] GET https://serviceusage.googleapis.com/v1/projects/judge-everything/services/artifactregistry.googleapis.com 200
[debug] [2024-10-11T14:48:38.452Z] <<< [apiv2][body] GET https://serviceusage.googleapis.com/v1/projects/judge-everything/services/artifactregistry.googleapis.com [omitted]
[info] +  artifactregistry: required API artifactregistry.googleapis.com is enabled 
[debug] [2024-10-11T14:48:38.458Z] <<< [apiv2][status] GET https://serviceusage.googleapis.com/v1/projects/judge-everything/services/runtimeconfig.googleapis.com 200
[debug] [2024-10-11T14:48:38.458Z] <<< [apiv2][body] GET https://serviceusage.googleapis.com/v1/projects/judge-everything/services/runtimeconfig.googleapis.com [omitted]
[debug] [2024-10-11T14:48:38.459Z] <<< [apiv2][status] GET https://serviceusage.googleapis.com/v1/projects/judge-everything/services/cloudfunctions.googleapis.com 200
[debug] [2024-10-11T14:48:38.459Z] <<< [apiv2][body] GET https://serviceusage.googleapis.com/v1/projects/judge-everything/services/cloudfunctions.googleapis.com [omitted]
[info] +  functions: required API cloudfunctions.googleapis.com is enabled 
[debug] [2024-10-11T14:48:38.459Z] Checked if tokens are valid: true, expires at: 1728659765598
[debug] [2024-10-11T14:48:38.459Z] Checked if tokens are valid: true, expires at: 1728659765598
[debug] [2024-10-11T14:48:38.459Z] >>> [apiv2][query] GET https://firebase.googleapis.com/v1beta1/projects/judge-everything/adminSdkConfig [none]
[debug] [2024-10-11T14:48:38.547Z] <<< [apiv2][status] GET https://firebase.googleapis.com/v1beta1/projects/judge-everything/adminSdkConfig 200
[debug] [2024-10-11T14:48:38.547Z] <<< [apiv2][body] GET https://firebase.googleapis.com/v1beta1/projects/judge-everything/adminSdkConfig {"projectId":"judge-everything","storageBucket":"judge-everything.appspot.com"}
[debug] [2024-10-11T14:48:38.547Z] Checked if tokens are valid: true, expires at: 1728659765598
[debug] [2024-10-11T14:48:38.547Z] Checked if tokens are valid: true, expires at: 1728659765598
[debug] [2024-10-11T14:48:38.547Z] >>> [apiv2][query] GET https://runtimeconfig.googleapis.com/v1beta1/projects/judge-everything/configs [none]
[debug] [2024-10-11T14:48:38.757Z] <<< [apiv2][status] GET https://runtimeconfig.googleapis.com/v1beta1/projects/judge-everything/configs 200
[debug] [2024-10-11T14:48:38.758Z] <<< [apiv2][body] GET https://runtimeconfig.googleapis.com/v1beta1/projects/judge-everything/configs {}
[debug] [2024-10-11T14:48:38.759Z] Validating nodejs source
[warn] !  functions: package.json indicates an outdated version of firebase-functions. Please upgrade using npm install --save firebase-functions@latest in your functions directory. 
[warn] !  functions: Please note that there will be breaking changes when you upgrade. 
[debug] [2024-10-11T14:48:39.484Z] > [functions] package.json contents: {
  "name": "functions",
  "description": "Cloud Functions for Firebase",
  "scripts": {
    "serve": "firebase emulators:start --only functions",
    "shell": "firebase functions:shell",
    "start": "npm run shell",
    "deploy": "firebase deploy --only functions",
    "logs": "firebase functions:log"
  },
  "engines": {
    "node": "18"
  },
  "main": "index.js",
  "dependencies": {
    "bcryptjs": "^2.4.3",
    "cors": "^2.8.5",
    "firebase-admin": "^12.1.0",
    "firebase-functions": "^5.0.0"
  },
  "devDependencies": {
    "firebase-functions-test": "^3.1.0"
  },
  "private": true
}
[debug] [2024-10-11T14:48:39.484Z] Building nodejs source
[info] i  functions: Loading and analyzing source code for codebase default to determine what to deploy 
[debug] [2024-10-11T14:48:39.485Z] Could not find functions.yaml. Must use http discovery
[debug] [2024-10-11T14:48:39.490Z] Found firebase-functions binary at 'C:\Users\17715\Desktop\CS 307\Project - JE\judge_everything\functions\node_modules\.bin\firebase-functions'
[debug] [2024-10-11T14:48:39.609Z] Failed to call quitquitquit. This often means the server failed to start request to http://localhost:8204/__/quitquitquit failed, reason:  {"message":"request to http://localhost:8204/__/quitquitquit failed, reason: ","type":"system","errno":"ECONNREFUSED","code":"ECONNREFUSED"}
[info] Serving at port 8204

[debug] [2024-10-11T14:48:49.754Z] FetchError: request to http://127.0.0.1:8204/__/functions.yaml failed, reason: Parse Error: Expected HTTP/
    at ClientRequest.<anonymous> (C:\Users\17715\AppData\Roaming\npm\node_modules\firebase-tools\node_modules\node-fetch\lib\index.js:1501:11)
    at ClientRequest.emit (node:events:519:28)
    at ClientRequest.emit (node:domain:488:12)
    at emitErrorEvent (node:_http_client:108:11)
    at Socket.socketOnData (node:_http_client:560:5)
    at Socket.emit (node:events:519:28)
    at Socket.emit (node:domain:488:12)
    at addChunk (node:internal/streams/readable:559:12)
    at readableAddChunkPushByteMode (node:internal/streams/readable:510:3)
    at Readable.push (node:internal/streams/readable:390:5)
[error] 
[error] Error: An unexpected error has occurred.
